#
# There is insufficient memory for the Java Runtime Environment to continue.
# Native memory allocation (malloc) failed to allocate 2933184 bytes for Chunk::new
# Possible reasons:
#   The system is out of physical RAM or swap space
#   The process is running with CompressedOops enabled, and the Java Heap may be blocking the growth of the native heap
# Possible solutions:
#   Reduce memory load on the system
#   Increase physical memory or swap space
#   Check if swap backing store is full
#   Decrease Java heap size (-Xmx/-Xms)
#   Decrease number of Java threads
#   Decrease Java thread stack sizes (-Xss)
#   Set larger code cache with -XX:ReservedCodeCacheSize=
#   JVM is running with Unscaled Compressed Oops mode in which the Java heap is
#     placed in the first 4GB address space. The Java Heap base address is the
#     maximum limit for the native heap growth. Please use -XX:HeapBaseMinAddress
#     to set the Java Heap base and to place the Java Heap above 4GB virtual address.
# This output file may be truncated or incomplete.
#
#  Out of Memory Error (allocation.cpp:389), pid=27620, tid=0x0000000000005468
#
# JRE version: OpenJDK Runtime Environment (8.0_242-b01) (build 1.8.0_242-release-1644-b01)
# Java VM: OpenJDK 64-Bit Server VM (25.242-b01 mixed mode windows-amd64 compressed oops)
# Failed to write core dump. Minidumps are not enabled by default on client versions of Windows
#

---------------  T H R E A D  ---------------

Current thread (0x000000001a259000):  JavaThread "C2 CompilerThread2" daemon [_thread_in_native, id=21608, stack(0x000000001ad20000,0x000000001ae20000)]

Stack: [0x000000001ad20000,0x000000001ae20000]
[error occurred during error reporting (printing stack bounds), id 0xc0000005]

Native frames: (J=compiled Java code, j=interpreted, Vv=VM code, C=native code)


Current CompileTask:
C2:15759660 22487 %     4       com.android.tools.r8.ir.regalloc.a::a @ 1473 (1759 bytes)


---------------  P R O C E S S  ---------------

Java Threads: ( => current thread )
  0x000000001fb65000 JavaThread "WorkerExecutor Queue Thread 3" [_thread_blocked, id=30452, stack(0x000000002c730000,0x000000002c830000)]
  0x000000001fb5f800 JavaThread "WorkerExecutor Queue Thread 2" [_thread_blocked, id=15892, stack(0x000000002c630000,0x000000002c730000)]
  0x000000001fb5d000 JavaThread "ForkJoinPool.commonPool-worker-5" daemon [_thread_blocked, id=35696, stack(0x000000002c160000,0x000000002c260000)]
  0x000000001fb58000 JavaThread "ForkJoinPool.commonPool-worker-4" daemon [_thread_blocked, id=14404, stack(0x000000002c060000,0x000000002c160000)]
  0x000000001fb5b800 JavaThread "ForkJoinPool.commonPool-worker-3" daemon [_thread_blocked, id=13796, stack(0x000000002bf60000,0x000000002c060000)]
  0x000000001fb5b000 JavaThread "ForkJoinPool.commonPool-worker-2" daemon [_thread_blocked, id=26396, stack(0x000000002b9e0000,0x000000002bae0000)]
  0x000000001fb5a000 JavaThread "ForkJoinPool.commonPool-worker-1" daemon [_thread_blocked, id=924, stack(0x000000002b6d0000,0x000000002b7d0000)]
  0x000000001f33a800 JavaThread "stdout" [_thread_in_native, id=11252, stack(0x000000002b240000,0x000000002b340000)]
  0x000000001f341000 JavaThread "stderr" [_thread_in_native, id=27036, stack(0x000000002b140000,0x000000002b240000)]
  0x000000001f33d800 JavaThread "pool-22-thread-1" [_thread_blocked, id=19152, stack(0x000000002b8e0000,0x000000002b9e0000)]
  0x000000001f339800 JavaThread "WorkerExecutor Queue" [_thread_blocked, id=35360, stack(0x000000002b7e0000,0x000000002b8e0000)]
  0x000000001f340800 JavaThread "Cache worker for execution history cache (C:\Users\AJIBOLA\AndroidStudioProjects\GADSPraticeProject\.gradle\6.1.1\executionHistory)" [_thread_blocked, id=33736, stack(0x000000002b040000,0x000000002b140000)]
  0x000000001f339000 JavaThread "Execution worker for ':' Thread 7" [_thread_blocked, id=17044, stack(0x0000000028c90000,0x0000000028d90000)]
  0x000000001f33c800 JavaThread "Execution worker for ':' Thread 6" [_thread_blocked, id=14596, stack(0x000000002af40000,0x000000002b040000)]
  0x000000001f33c000 JavaThread "Execution worker for ':' Thread 5" [_thread_blocked, id=21036, stack(0x000000002ae40000,0x000000002af40000)]
  0x000000001f33b000 JavaThread "Execution worker for ':' Thread 4" [_thread_in_native, id=11424, stack(0x000000002ad40000,0x000000002ae40000)]
  0x000000001f33f000 JavaThread "Execution worker for ':' Thread 3" [_thread_in_Java, id=35188, stack(0x000000002ac40000,0x000000002ad40000)]
  0x000000001f33f800 JavaThread "Execution worker for ':' Thread 2" [_thread_blocked, id=32424, stack(0x000000002ab40000,0x000000002ac40000)]
  0x000000001f332000 JavaThread "Execution worker for ':'" [_thread_blocked, id=28016, stack(0x000000002aa40000,0x000000002ab40000)]
  0x000000001f335000 JavaThread "Cache worker for file content cache (C:\Users\AJIBOLA\AndroidStudioProjects\GADSPraticeProject\.gradle\6.1.1\fileContent)" [_thread_blocked, id=19016, stack(0x00000000288e0000,0x00000000289e0000)]
  0x000000001f337800 JavaThread "Cache worker for Build Output Cleanup Cache (C:\Users\AJIBOLA\AndroidStudioProjects\GADSPraticeProject\.gradle\buildOutputCleanup)" [_thread_blocked, id=31256, stack(0x0000000026700000,0x0000000026800000)]
  0x000000001f334800 JavaThread "pool-21-thread-1" [_thread_blocked, id=2528, stack(0x0000000026400000,0x0000000026500000)]
  0x000000001f333000 JavaThread "Build operations Thread 8" [_thread_blocked, id=31008, stack(0x0000000026300000,0x0000000026400000)]
  0x000000001f338000 JavaThread "Build operations Thread 7" [_thread_blocked, id=9560, stack(0x0000000026200000,0x0000000026300000)]
  0x000000001f336800 JavaThread "Build operations Thread 6" [_thread_blocked, id=33024, stack(0x0000000026100000,0x0000000026200000)]
  0x000000001f333800 JavaThread "Build operations Thread 5" [_thread_blocked, id=12360, stack(0x0000000024d60000,0x0000000024e60000)]
  0x000000001f336000 JavaThread "Build operations Thread 4" [_thread_blocked, id=35144, stack(0x0000000024a00000,0x0000000024b00000)]
  0x0000000022485000 JavaThread "Build operations Thread 3" [_thread_blocked, id=33716, stack(0x0000000024900000,0x0000000024a00000)]
  0x0000000022484000 JavaThread "Build operations Thread 2" [_thread_blocked, id=16860, stack(0x0000000024800000,0x0000000024900000)]
  0x0000000022483800 JavaThread "Build operations" [_thread_blocked, id=27720, stack(0x00000000227a0000,0x00000000228a0000)]
  0x0000000022486800 JavaThread "Cache worker for cache directory md-rule (C:\Users\AJIBOLA\.gradle\caches\6.1.1\md-rule)" [_thread_blocked, id=33624, stack(0x0000000021660000,0x0000000021760000)]
  0x0000000022485800 JavaThread "Cache worker for cache directory md-supplier (C:\Users\AJIBOLA\.gradle\caches\6.1.1\md-supplier)" [_thread_blocked, id=33620, stack(0x0000000021560000,0x0000000021660000)]
  0x000000002247c000 JavaThread "Cache worker for file hash cache (C:\Users\AJIBOLA\AndroidStudioProjects\GADSPraticeProject\.gradle\6.1.1\fileHashes)" [_thread_blocked, id=19716, stack(0x000000001f040000,0x000000001f140000)]
  0x0000000022482800 JavaThread "Cache worker for checksums cache (C:\Users\AJIBOLA\AndroidStudioProjects\GADSPraticeProject\.gradle\checksums)" [_thread_blocked, id=33928, stack(0x000000001ea40000,0x000000001eb40000)]
  0x000000002247a800 JavaThread "Thread-246" [_thread_blocked, id=32004, stack(0x000000001e740000,0x000000001e840000)]
  0x000000002247c800 JavaThread "Stdin handler" [_thread_blocked, id=23900, stack(0x000000001e640000,0x000000001e740000)]
  0x0000000022481000 JavaThread "Asynchronous log dispatcher for DefaultDaemonConnection: socket connection from /127.0.0.1:54453 to /127.0.0.1:56616" [_thread_blocked, id=30932, stack(0x000000001e340000,0x000000001e440000)]
  0x0000000022479800 JavaThread "Daemon worker Thread 10" [_thread_blocked, id=24500, stack(0x000000001e240000,0x000000001e340000)]
  0x000000002247f000 JavaThread "Cancel handler" [_thread_blocked, id=33908, stack(0x00000000016f0000,0x00000000017f0000)]
  0x0000000022478000 JavaThread "Handler for socket connection from /127.0.0.1:54453 to /127.0.0.1:56616" [_thread_in_native, id=27636, stack(0x00000000015f0000,0x00000000016f0000)]
  0x000000002247b000 JavaThread "Daemon Thread 10" [_thread_blocked, id=34644, stack(0x00000000014f0000,0x00000000015f0000)]
  0x000000001cf32000 JavaThread "MarlinRenderer Disposer" daemon [_thread_blocked, id=34492, stack(0x000000002be60000,0x000000002bf60000)]
  0x000000001f6ab800 JavaThread "Java2D Disposer" daemon [_thread_blocked, id=29352, stack(0x000000002bd60000,0x000000002be60000)]
  0x000000001cf2f000 JavaThread "Cache worker for file content cache (C:\Users\AJIBOLA\.gradle\caches\6.1.1\fileContent)" [_thread_blocked, id=32704, stack(0x0000000027fc0000,0x00000000280c0000)]
  0x000000001cf2c000 JavaThread "Memory manager" [_thread_blocked, id=6152, stack(0x0000000026de0000,0x0000000026ee0000)]
  0x000000001cf30800 JavaThread "Cache worker for execution history cache (C:\Users\AJIBOLA\.gradle\caches\6.1.1\executionHistory)" [_thread_blocked, id=11440, stack(0x00000000228a0000,0x00000000229a0000)]
  0x000000001cf2d800 JavaThread "Cache worker for file hash cache (C:\Users\AJIBOLA\.gradle\caches\6.1.1\fileHashes)" [_thread_blocked, id=26820, stack(0x000000001ef40000,0x000000001f040000)]
  0x000000001cf2f800 JavaThread "File lock request listener" [_thread_in_native, id=32960, stack(0x000000001ee40000,0x000000001ef40000)]
  0x000000001cdc7800 JavaThread "Cache worker for journal cache (C:\Users\AJIBOLA\.gradle\caches\journal-1)" [_thread_blocked, id=21648, stack(0x000000001ed40000,0x000000001ee40000)]
  0x000000001cc04000 JavaThread "Daemon periodic checks" [_thread_blocked, id=19748, stack(0x000000001e140000,0x000000001e240000)]
  0x000000001cc87800 JavaThread "Incoming local TCP Connector on port 54453" [_thread_in_native, id=31876, stack(0x000000001df00000,0x000000001e000000)]
  0x000000001c904800 JavaThread "Daemon health stats" [_thread_blocked, id=35604, stack(0x000000001d8c0000,0x000000001d9c0000)]
  0x000000001a2e0800 JavaThread "Service Thread" daemon [_thread_blocked, id=32672, stack(0x000000001af20000,0x000000001b020000)]
  0x000000001a25c000 JavaThread "C1 CompilerThread3" daemon [_thread_in_native, id=15712, stack(0x000000001ae20000,0x000000001af20000)]
=>0x000000001a259000 JavaThread "C2 CompilerThread2" daemon [_thread_in_native, id=21608, stack(0x000000001ad20000,0x000000001ae20000)]
  0x000000001843c800 JavaThread "C2 CompilerThread1" daemon [_thread_in_native, id=9244, stack(0x000000001ac20000,0x000000001ad20000)]
  0x000000001a253800 JavaThread "C2 CompilerThread0" daemon [_thread_in_native, id=35044, stack(0x000000001ab20000,0x000000001ac20000)]
  0x000000001a252800 JavaThread "Attach Listener" daemon [_thread_blocked, id=30708, stack(0x000000001aa20000,0x000000001ab20000)]
  0x000000001a256000 JavaThread "Signal Dispatcher" daemon [_thread_blocked, id=22600, stack(0x000000001a920000,0x000000001aa20000)]
  0x00000000033bc800 JavaThread "Finalizer" daemon [_thread_blocked, id=35080, stack(0x000000001a720000,0x000000001a820000)]
  0x000000001a240800 JavaThread "Reference Handler" daemon [_thread_blocked, id=28324, stack(0x000000001a620000,0x000000001a720000)]
  0x00000000032be800 JavaThread "main" [_thread_blocked, id=30196, stack(0x0000000003190000,0x0000000003290000)]

Other Threads:
  0x0000000018428000 VMThread [stack: 0x000000001a120000,0x000000001a220000] [id=21912]
  0x000000001a2e1800 WatcherThread [stack: 0x000000001b020000,0x000000001b120000] [id=31228]

VM state:not at safepoint (normal execution)

VM Mutex/Monitor currently owned by a thread: None

heap address: 0x0000000080000000, size: 2048 MB, Compressed Oops mode: 32-bit
Narrow klass base: 0x0000000000000000, Narrow klass shift: 3
Compressed class space size: 1073741824 Address: 0x0000000100000000

Heap:
 PSYoungGen      total 619520K, used 543414K [0x00000000d5580000, 0x00000000ffb00000, 0x0000000100000000)
  eden space 595456K, 87% used [0x00000000d5580000,0x00000000f50d8e70,0x00000000f9b00000)
  from space 24064K, 99% used [0x00000000f9b00000,0x00000000fb254a58,0x00000000fb280000)
  to   space 49152K, 0% used [0x00000000fcb00000,0x00000000fcb00000,0x00000000ffb00000)
 ParOldGen       total 204288K, used 85489K [0x0000000080000000, 0x000000008c780000, 0x00000000d5580000)
  object space 204288K, 41% used [0x0000000080000000,0x000000008537c4a8,0x000000008c780000)
 Metaspace       used 104330K, capacity 109930K, committed 110232K, reserved 1144832K
  class space    used 13279K, capacity 14286K, committed 14512K, reserved 1048576K

Card table byte_map: [0x0000000012780000,0x0000000012b90000] byte_map_base: 0x0000000012380000

Marking Bits: (ParMarkBitMap*) 0x0000000054d6f030
 Begin Bits: [0x0000000013640000, 0x0000000015640000)
 End Bits:   [0x0000000015640000, 0x0000000017640000)

Polling page: 0x00000000030b0000

CodeCache: size=245760Kb used=65822Kb max_used=65856Kb free=179937Kb
 bounds [0x00000000033c0000, 0x0000000007470000, 0x00000000123c0000]
 total_blobs=19946 nmethods=18914 adapters=942
 compilation: enabled

Compilation events (10 events):
Event: 15759.580 Thread 0x000000001a25c000 nmethod 24010 0x000000000743c110 code [0x000000000743c300, 0x000000000743cbd8]
Event: 15759.586 Thread 0x000000001a25c000 24011       2       com.android.tools.r8.graph.h0$h::hashCode (10 bytes)
Event: 15759.587 Thread 0x000000001a25c000 nmethod 24011 0x000000000743bd10 code [0x000000000743bea0, 0x000000000743c010]
Event: 15759.589 Thread 0x000000001a25c000 24012       2       com.android.tools.r8.dex.u::b (1 bytes)
Event: 15759.590 Thread 0x000000001a25c000 nmethod 24012 0x0000000004d2d450 code [0x0000000004d2d5a0, 0x0000000004d2d6f0]
Event: 15759.596 Thread 0x000000001a25c000 24013       2       java.lang.Double::doubleToLongBits (33 bytes)
Event: 15759.597 Thread 0x000000001a25c000 nmethod 24013 0x000000000743ae90 code [0x000000000743afe0, 0x000000000743b150]
Event: 15759.601 Thread 0x000000001a25c000 24014       2       java.lang.Double::compare (54 bytes)
Event: 15759.602 Thread 0x000000001a25c000 nmethod 24014 0x00000000057c4810 code [0x00000000057c4960, 0x00000000057c4bd0]
Event: 15759.627 Thread 0x000000001a25c000 24015 %     3       com.android.tools.r8.graph.v::<init> @ 116 (302 bytes)

GC Heap History (10 events):
Event: 15572.841 GC heap before
{Heap before GC invocations=17 (full 4):
 PSYoungGen      total 456704K, used 35317K [0x00000000d5580000, 0x00000000f7f80000, 0x0000000100000000)
  eden space 421376K, 0% used [0x00000000d5580000,0x00000000d5580000,0x00000000ef100000)
  from space 35328K, 99% used [0x00000000f5300000,0x00000000f757d530,0x00000000f7580000)
  to   space 10240K, 0% used [0x00000000f7580000,0x00000000f7580000,0x00000000f7f80000)
 ParOldGen       total 129024K, used 50954K [0x0000000080000000, 0x0000000087e00000, 0x00000000d5580000)
  object space 129024K, 39% used [0x0000000080000000,0x00000000831c2ac8,0x0000000087e00000)
 Metaspace       used 92639K, capacity 98520K, committed 98584K, reserved 1134592K
  class space    used 11912K, capacity 13040K, committed 13104K, reserved 1048576K
Event: 15573.605 GC heap after
Heap after GC invocations=17 (full 4):
 PSYoungGen      total 456704K, used 0K [0x00000000d5580000, 0x00000000f7f80000, 0x0000000100000000)
  eden space 421376K, 0% used [0x00000000d5580000,0x00000000d5580000,0x00000000ef100000)
  from space 35328K, 0% used [0x00000000f5300000,0x00000000f5300000,0x00000000f7580000)
  to   space 10240K, 0% used [0x00000000f7580000,0x00000000f7580000,0x00000000f7f80000)
 ParOldGen       total 204288K, used 64271K [0x0000000080000000, 0x000000008c780000, 0x00000000d5580000)
  object space 204288K, 31% used [0x0000000080000000,0x0000000083ec3df0,0x000000008c780000)
 Metaspace       used 88896K, capacity 92860K, committed 98584K, reserved 1134592K
  class space    used 11271K, capacity 12037K, committed 13104K, reserved 1048576K
}
Event: 15749.976 GC heap before
{Heap before GC invocations=18 (full 4):
 PSYoungGen      total 456704K, used 421376K [0x00000000d5580000, 0x00000000f7f80000, 0x0000000100000000)
  eden space 421376K, 100% used [0x00000000d5580000,0x00000000ef100000,0x00000000ef100000)
  from space 35328K, 0% used [0x00000000f5300000,0x00000000f5300000,0x00000000f7580000)
  to   space 10240K, 0% used [0x00000000f7580000,0x00000000f7580000,0x00000000f7f80000)
 ParOldGen       total 204288K, used 64271K [0x0000000080000000, 0x000000008c780000, 0x00000000d5580000)
  object space 204288K, 31% used [0x0000000080000000,0x0000000083ec3df0,0x000000008c780000)
 Metaspace       used 93974K, capacity 98194K, committed 100248K, reserved 1136640K
  class space    used 11908K, capacity 12738K, committed 13232K, reserved 1048576K
Event: 15750.005 GC heap after
Heap after GC invocations=18 (full 4):
 PSYoungGen      total 477696K, used 10229K [0x00000000d5580000, 0x00000000f7f80000, 0x0000000100000000)
  eden space 467456K, 0% used [0x00000000d5580000,0x00000000d5580000,0x00000000f1e00000)
  from space 10240K, 99% used [0x00000000f7580000,0x00000000f7f7d718,0x00000000f7f80000)
  to   space 43520K, 0% used [0x00000000f2a80000,0x00000000f2a80000,0x00000000f5500000)
 ParOldGen       total 204288K, used 70898K [0x0000000080000000, 0x000000008c780000, 0x00000000d5580000)
  object space 204288K, 34% used [0x0000000080000000,0x000000008453c930,0x000000008c780000)
 Metaspace       used 93974K, capacity 98194K, committed 100248K, reserved 1136640K
  class space    used 11908K, capacity 12738K, committed 13232K, reserved 1048576K
}
Event: 15753.042 GC heap before
{Heap before GC invocations=19 (full 4):
 PSYoungGen      total 477696K, used 477685K [0x00000000d5580000, 0x00000000f7f80000, 0x0000000100000000)
  eden space 467456K, 100% used [0x00000000d5580000,0x00000000f1e00000,0x00000000f1e00000)
  from space 10240K, 99% used [0x00000000f7580000,0x00000000f7f7d718,0x00000000f7f80000)
  to   space 43520K, 0% used [0x00000000f2a80000,0x00000000f2a80000,0x00000000f5500000)
 ParOldGen       total 204288K, used 70898K [0x0000000080000000, 0x000000008c780000, 0x00000000d5580000)
  object space 204288K, 34% used [0x0000000080000000,0x000000008453c930,0x000000008c780000)
 Metaspace       used 102728K, capacity 108224K, committed 108696K, reserved 1142784K
  class space    used 13202K, capacity 14211K, committed 14512K, reserved 1048576K
Event: 15753.266 GC heap after
Heap after GC invocations=19 (full 4):
 PSYoungGen      total 523776K, used 43505K [0x00000000d5580000, 0x0000000100000000, 0x0000000100000000)
  eden space 480256K, 0% used [0x00000000d5580000,0x00000000d5580000,0x00000000f2a80000)
  from space 43520K, 99% used [0x00000000f2a80000,0x00000000f54fc578,0x00000000f5500000)
  to   space 52224K, 0% used [0x00000000fcd00000,0x00000000fcd00000,0x0000000100000000)
 ParOldGen       total 204288K, used 75808K [0x0000000080000000, 0x000000008c780000, 0x00000000d5580000)
  object space 204288K, 37% used [0x0000000080000000,0x0000000084a081e8,0x000000008c780000)
 Metaspace       used 102728K, capacity 108224K, committed 108696K, reserved 1142784K
  class space    used 13202K, capacity 14211K, committed 14512K, reserved 1048576K
}
Event: 15755.471 GC heap before
{Heap before GC invocations=20 (full 4):
 PSYoungGen      total 523776K, used 523761K [0x00000000d5580000, 0x0000000100000000, 0x0000000100000000)
  eden space 480256K, 100% used [0x00000000d5580000,0x00000000f2a80000,0x00000000f2a80000)
  from space 43520K, 99% used [0x00000000f2a80000,0x00000000f54fc578,0x00000000f5500000)
  to   space 52224K, 0% used [0x00000000fcd00000,0x00000000fcd00000,0x0000000100000000)
 ParOldGen       total 204288K, used 75808K [0x0000000080000000, 0x000000008c780000, 0x00000000d5580000)
  object space 204288K, 37% used [0x0000000080000000,0x0000000084a081e8,0x000000008c780000)
 Metaspace       used 103567K, capacity 109196K, committed 109720K, reserved 1144832K
  class space    used 13224K, capacity 14221K, committed 14512K, reserved 1048576K
Event: 15755.525 GC heap after
Heap after GC invocations=20 (full 4):
 PSYoungGen      total 647680K, used 27256K [0x00000000d5580000, 0x0000000100000000, 0x0000000100000000)
  eden space 595456K, 0% used [0x00000000d5580000,0x00000000d5580000,0x00000000f9b00000)
  from space 52224K, 52% used [0x00000000fcd00000,0x00000000fe79e1d8,0x0000000100000000)
  to   space 51200K, 0% used [0x00000000f9b00000,0x00000000f9b00000,0x00000000fcd00000)
 ParOldGen       total 204288K, used 85481K [0x0000000080000000, 0x000000008c780000, 0x00000000d5580000)
  object space 204288K, 41% used [0x0000000080000000,0x000000008537a4a8,0x000000008c780000)
 Metaspace       used 103567K, capacity 109196K, committed 109720K, reserved 1144832K
  class space    used 13224K, capacity 14221K, committed 14512K, reserved 1048576K
}
Event: 15757.373 GC heap before
{Heap before GC invocations=21 (full 4):
 PSYoungGen      total 647680K, used 622712K [0x00000000d5580000, 0x0000000100000000, 0x0000000100000000)
  eden space 595456K, 100% used [0x00000000d5580000,0x00000000f9b00000,0x00000000f9b00000)
  from space 52224K, 52% used [0x00000000fcd00000,0x00000000fe79e1d8,0x0000000100000000)
  to   space 51200K, 0% used [0x00000000f9b00000,0x00000000f9b00000,0x00000000fcd00000)
 ParOldGen       total 204288K, used 85481K [0x0000000080000000, 0x000000008c780000, 0x00000000d5580000)
  object space 204288K, 41% used [0x0000000080000000,0x000000008537a4a8,0x000000008c780000)
 Metaspace       used 103956K, capacity 109566K, committed 109976K, reserved 1144832K
  class space    used 13260K, capacity 14254K, committed 14512K, reserved 1048576K
Event: 15757.409 GC heap after
Heap after GC invocations=21 (full 4):
 PSYoungGen      total 619520K, used 23890K [0x00000000d5580000, 0x00000000ffb00000, 0x0000000100000000)
  eden space 595456K, 0% used [0x00000000d5580000,0x00000000d5580000,0x00000000f9b00000)
  from space 24064K, 99% used [0x00000000f9b00000,0x00000000fb254a58,0x00000000fb280000)
  to   space 49152K, 0% used [0x00000000fcb00000,0x00000000fcb00000,0x00000000ffb00000)
 ParOldGen       total 204288K, used 85489K [0x0000000080000000, 0x000000008c780000, 0x00000000d5580000)
  object space 204288K, 41% used [0x0000000080000000,0x000000008537c4a8,0x000000008c780000)
 Metaspace       used 103956K, capacity 109566K, committed 109976K, reserved 1144832K
  class space    used 13260K, capacity 14254K, committed 14512K, reserved 1048576K
}

Deoptimization events (10 events):
Event: 15757.782 Thread 0x000000001f33b000 Uncommon trap: reason=unstable_if action=reinterpret pc=0x00000000045449e4 method=org.objectweb.asm.ClassReader.readUtf(II[C)Ljava/lang/String; @ 41
Event: 15758.190 Thread 0x000000001f33b000 Uncommon trap: reason=unstable_if action=reinterpret pc=0x0000000003f7f0e0 method=org.objectweb.asm.ClassReader.readUtf(II[C)Ljava/lang/String; @ 41
Event: 15758.191 Thread 0x000000001f33b000 Uncommon trap: reason=unstable_if action=reinterpret pc=0x000000000419f2e0 method=org.objectweb.asm.ByteVector.putUTF8(Ljava/lang/String;)Lorg/objectweb/asm/ByteVector; @ 100
Event: 15758.191 Thread 0x000000001f33b000 Uncommon trap: reason=unstable_if action=reinterpret pc=0x000000000421c9a8 method=org.objectweb.asm.ByteVector.putUTF8(Ljava/lang/String;)Lorg/objectweb/asm/ByteVector; @ 100
Event: 15758.191 Thread 0x000000001f33b000 Uncommon trap: reason=unstable_if action=reinterpret pc=0x0000000005c795c0 method=org.objectweb.asm.ByteVector.encodeUtf8(Ljava/lang/String;II)Lorg/objectweb/asm/ByteVector; @ 208
Event: 15758.191 Thread 0x000000001f33b000 Uncommon trap: reason=unstable_if action=reinterpret pc=0x0000000003a84fb4 method=org.objectweb.asm.ByteVector.putUTF8(Ljava/lang/String;)Lorg/objectweb/asm/ByteVector; @ 100
Event: 15758.305 Thread 0x000000001f33f000 Uncommon trap: reason=unstable_if action=reinterpret pc=0x00000000072e5754 method=com.android.tools.r8.graph.Z.a(Lcom/android/tools/r8/graph/Z;)Z @ 19
Event: 15758.719 Thread 0x000000001f33f000 Uncommon trap: reason=unstable_if action=reinterpret pc=0x000000000735b18c method=com.android.tools.r8.ir.conversion.N.b(ILcom/android/tools/r8/graph/r;)V @ 51
Event: 15758.932 Thread 0x000000001f33f000 Uncommon trap: reason=class_check action=maybe_recompile pc=0x0000000006d32ebc method=com.android.tools.r8.u.a.i.e.b(Lcom/android/tools/r8/u/b/h0;)V @ 244
Event: 15759.229 Thread 0x000000001f33f000 Uncommon trap: reason=unstable_if action=reinterpret pc=0x0000000006f95fd4 method=com.android.tools.r8.graph.e0.a([C)I @ 44

Classes redefined (0 events):
No events

Internal exceptions (10 events):
Event: 15750.798 Thread 0x000000001f33f000 Exception <a 'sun/nio/fs/WindowsException'> (0x00000000dc10ce88) thrown at [C:\src\AOSP-openjdk-git\hotspot\src\share\vm\prims\jni.cpp, line 710]
Event: 15751.372 Thread 0x000000001f332000 Exception <a 'java/lang/NoSuchMethodError': java.lang.Object.lambda$maxBy$1(Ljava/util/Comparator;Ljava/lang/Object;Ljava/lang/Object;)Ljava/lang/Object;> (0x00000000e2a27418) thrown at [C:\src\AOSP-openjdk-git\hotspot\src\share\vm\interpreter\linkResolve
Event: 15751.920 Thread 0x000000001f332000 Exception <a 'sun/nio/fs/WindowsException'> (0x00000000e646c9b0) thrown at [C:\src\AOSP-openjdk-git\hotspot\src\share\vm\prims\jni.cpp, line 710]
Event: 15753.787 Thread 0x000000001f33f800 Exception <a 'sun/nio/fs/WindowsException'> (0x00000000da8bbe20) thrown at [C:\src\AOSP-openjdk-git\hotspot\src\share\vm\prims\jni.cpp, line 710]
Event: 15754.560 Thread 0x0000000022479800 Exception <a 'sun/nio/fs/WindowsException'> (0x00000000e515efb8) thrown at [C:\src\AOSP-openjdk-git\hotspot\src\share\vm\prims\jni.cpp, line 710]
Event: 15754.655 Thread 0x000000001f339000 Exception <a 'sun/nio/fs/WindowsException'> (0x00000000e69b98c8) thrown at [C:\src\AOSP-openjdk-git\hotspot\src\share\vm\prims\jni.cpp, line 710]
Event: 15757.271 Thread 0x000000001fb5f800 Exception <a 'sun/nio/fs/WindowsException'> (0x00000000f6b74b00) thrown at [C:\src\AOSP-openjdk-git\hotspot\src\share\vm\prims\jni.cpp, line 710]
Event: 15757.275 Thread 0x000000001fb5f800 Exception <a 'sun/nio/fs/WindowsException'> (0x00000000f6b8cd70) thrown at [C:\src\AOSP-openjdk-git\hotspot\src\share\vm\prims\jni.cpp, line 710]
Event: 15757.275 Thread 0x000000001fb5f800 Exception <a 'sun/nio/fs/WindowsException'> (0x00000000f6b8d218) thrown at [C:\src\AOSP-openjdk-git\hotspot\src\share\vm\prims\jni.cpp, line 710]
Event: 15758.703 Thread 0x000000001f33c800 Exception <a 'sun/nio/fs/WindowsException'> (0x00000000e9272700) thrown at [C:\src\AOSP-openjdk-git\hotspot\src\share\vm\prims\jni.cpp, line 710]

Events (10 events):
Event: 15759.229 Thread 0x000000001f33f000 DEOPT PACKING pc=0x0000000006f95fd4 sp=0x000000002ad3a780
Event: 15759.229 Thread 0x000000001f33f000 DEOPT UNPACKING pc=0x000000000340557b sp=0x000000002ad3a710 mode 2
Event: 15759.307 Thread 0x000000001f33f000 DEOPT PACKING pc=0x0000000006d69d3d sp=0x000000002ad3a540
Event: 15759.307 Thread 0x000000001f33f000 DEOPT UNPACKING pc=0x00000000034075d0 sp=0x000000002ad3a688 mode 0
Event: 15759.468 Thread 0x000000001f33f000 DEOPT PACKING pc=0x0000000006fd46f2 sp=0x000000002ad3b190
Event: 15759.468 Thread 0x000000001f33f000 DEOPT UNPACKING pc=0x00000000034075d0 sp=0x000000002ad3aee8 mode 0
Event: 15759.521 Thread 0x000000001a25c000 flushing nmethod 0x0000000003fb8590
Event: 15759.582 Thread 0x000000001a25c000 flushing nmethod 0x0000000004d2d450
Event: 15759.598 Thread 0x000000001a25c000 flushing nmethod 0x00000000057c4690
Event: 15759.599 Thread 0x000000001a25c000 flushing nmethod 0x00000000059715d0


Dynamic libraries:
0x00007ff781760000 - 0x00007ff781791000 	C:\Program Files\Android\Android Studio\jre\bin\java.exe
0x00007ffa5ae50000 - 0x00007ffa5b045000 	C:\WINDOWS\SYSTEM32\ntdll.dll
0x00007ffa5a950000 - 0x00007ffa5aa0d000 	C:\WINDOWS\System32\KERNEL32.DLL
0x00007ffa58720000 - 0x00007ffa589e7000 	C:\WINDOWS\System32\KERNELBASE.dll
0x00007ffa5a820000 - 0x00007ffa5a8ca000 	C:\WINDOWS\System32\ADVAPI32.dll
0x00007ffa59680000 - 0x00007ffa5971e000 	C:\WINDOWS\System32\msvcrt.dll
0x00007ffa594b0000 - 0x00007ffa5954b000 	C:\WINDOWS\System32\sechost.dll
0x00007ffa59350000 - 0x00007ffa59473000 	C:\WINDOWS\System32\RPCRT4.dll
0x00007ffa591b0000 - 0x00007ffa59350000 	C:\WINDOWS\System32\USER32.dll
0x00007ffa585a0000 - 0x00007ffa585c2000 	C:\WINDOWS\System32\win32u.dll
0x00007ffa5ade0000 - 0x00007ffa5ae0a000 	C:\WINDOWS\System32\GDI32.dll
0x00007ffa58af0000 - 0x00007ffa58bfa000 	C:\WINDOWS\System32\gdi32full.dll
0x00007ffa585d0000 - 0x00007ffa5866d000 	C:\WINDOWS\System32\msvcp_win.dll
0x00007ffa589f0000 - 0x00007ffa58af0000 	C:\WINDOWS\System32\ucrtbase.dll
0x00007ffa47500000 - 0x00007ffa4779a000 	C:\WINDOWS\WinSxS\amd64_microsoft.windows.common-controls_6595b64144ccf1df_6.0.19041.1_none_b555e41d4684ddec\COMCTL32.dll
0x00007ffa59480000 - 0x00007ffa594b0000 	C:\WINDOWS\System32\IMM32.DLL
0x00000000553a0000 - 0x0000000055472000 	C:\Program Files\Android\Android Studio\jre\jre\bin\msvcr100.dll
0x00000000545a0000 - 0x0000000054deb000 	C:\Program Files\Android\Android Studio\jre\jre\bin\server\jvm.dll
0x00007ffa5a940000 - 0x00007ffa5a948000 	C:\WINDOWS\System32\PSAPI.DLL
0x00007ffa406b0000 - 0x00007ffa406b9000 	C:\WINDOWS\SYSTEM32\WSOCK32.dll
0x00007ffa440a0000 - 0x00007ffa440c7000 	C:\WINDOWS\SYSTEM32\WINMM.dll
0x00007ffa5a8d0000 - 0x00007ffa5a93b000 	C:\WINDOWS\System32\WS2_32.dll
0x00007ffa50730000 - 0x00007ffa5073a000 	C:\WINDOWS\SYSTEM32\VERSION.dll
0x00007ffa52fb0000 - 0x00007ffa52fbf000 	C:\Program Files\Android\Android Studio\jre\jre\bin\verify.dll
0x00007ffa522d0000 - 0x00007ffa522f9000 	C:\Program Files\Android\Android Studio\jre\jre\bin\java.dll
0x00007ffa520d0000 - 0x00007ffa520e6000 	C:\Program Files\Android\Android Studio\jre\jre\bin\zip.dll
0x00007ffa5a080000 - 0x00007ffa5a7c0000 	C:\WINDOWS\System32\SHELL32.dll
0x00007ffa56360000 - 0x00007ffa56af1000 	C:\WINDOWS\SYSTEM32\windows.storage.dll
0x00007ffa59c00000 - 0x00007ffa59f53000 	C:\WINDOWS\System32\combase.dll
0x00007ffa58020000 - 0x00007ffa5804c000 	C:\WINDOWS\SYSTEM32\Wldp.dll
0x00007ffa5aac0000 - 0x00007ffa5ab6e000 	C:\WINDOWS\System32\SHCORE.dll
0x00007ffa59550000 - 0x00007ffa595a5000 	C:\WINDOWS\System32\shlwapi.dll
0x00007ffa584e0000 - 0x00007ffa584ff000 	C:\WINDOWS\SYSTEM32\profapi.dll
0x00007ffa518f0000 - 0x00007ffa5190a000 	C:\Program Files\Android\Android Studio\jre\jre\bin\net.dll
0x00007ffa57da0000 - 0x00007ffa57e0a000 	C:\WINDOWS\system32\mswsock.dll
0x00007ffa445d0000 - 0x00007ffa445e3000 	C:\Program Files\Android\Android Studio\jre\jre\bin\nio.dll
0x00007ffa529e0000 - 0x00007ffa52a06000 	C:\Users\AJIBOLA\.gradle\native\31\windows-amd64\native-platform.dll
0x00007ffa52f70000 - 0x00007ffa52f7d000 	C:\Program Files\Android\Android Studio\jre\jre\bin\management.dll
0x00007ffa57f70000 - 0x00007ffa57f88000 	C:\WINDOWS\SYSTEM32\CRYPTSP.dll
0x00007ffa576c0000 - 0x00007ffa576f4000 	C:\WINDOWS\system32\rsaenh.dll
0x00007ffa58de0000 - 0x00007ffa58e07000 	C:\WINDOWS\System32\bcrypt.dll
0x00007ffa58460000 - 0x00007ffa5848e000 	C:\WINDOWS\SYSTEM32\USERENV.dll
0x00007ffa58d60000 - 0x00007ffa58ddf000 	C:\WINDOWS\System32\bcryptprimitives.dll
0x00007ffa57f90000 - 0x00007ffa57f9c000 	C:\WINDOWS\SYSTEM32\CRYPTBASE.dll
0x00007ffa57a40000 - 0x00007ffa57a7b000 	C:\WINDOWS\SYSTEM32\IPHLPAPI.DLL
0x00007ffa59b90000 - 0x00007ffa59b99000 	C:\WINDOWS\System32\NSI.dll
0x00007ffa50b30000 - 0x00007ffa50b47000 	C:\WINDOWS\SYSTEM32\dhcpcsvc6.DLL
0x00007ffa50b10000 - 0x00007ffa50b2d000 	C:\WINDOWS\SYSTEM32\dhcpcsvc.DLL
0x00007ffa57a80000 - 0x00007ffa57b4a000 	C:\WINDOWS\SYSTEM32\DNSAPI.dll
0x00007ffa38f70000 - 0x00007ffa38f94000 	C:\Program Files\Android\Android Studio\jre\jre\bin\sunec.dll
0x00007ffa4c630000 - 0x00007ffa4c63a000 	C:\Windows\System32\rasadhlp.dll
0x00007ffa4c4b0000 - 0x00007ffa4c52f000 	C:\WINDOWS\System32\fwpuclnt.dll
0x00007ffa52780000 - 0x00007ffa5278b000 	C:\Program Files\Android\Android Studio\jre\jre\bin\sunmscapi.dll
0x00007ffa58c00000 - 0x00007ffa58d5d000 	C:\WINDOWS\System32\CRYPT32.dll
0x00007ffa57310000 - 0x00007ffa57343000 	C:\WINDOWS\SYSTEM32\ntmarta.dll
0x00007ffa29810000 - 0x00007ffa299ac000 	C:\Program Files\Android\Android Studio\jre\jre\bin\awt.dll
0x00007ffa595b0000 - 0x00007ffa5967d000 	C:\WINDOWS\System32\OLEAUT32.dll
0x00007ffa55e90000 - 0x00007ffa55ebf000 	C:\WINDOWS\SYSTEM32\dwmapi.dll
0x00007ffa54950000 - 0x00007ffa54f10000 	C:\WINDOWS\SYSTEM32\d2d1.dll
0x00007ffa55af0000 - 0x00007ffa55b80000 	C:\WINDOWS\SYSTEM32\apphelp.dll
0x00007ffa55cc0000 - 0x00007ffa55d5f000 	C:\WINDOWS\system32\uxtheme.dll

VM Arguments:
jvm_args: -Xmx2048m -Dfile.encoding=windows-1252 -Duser.country=US -Duser.language=en -Duser.variant 
java_command: org.gradle.launcher.daemon.bootstrap.GradleDaemon 6.1.1
java_class_path (initial): C:\Users\AJIBOLA\.gradle\wrapper\dists\gradle-6.1.1-all\cfmwm155h49vnt3hynmlrsdst\gradle-6.1.1\lib\gradle-launcher-6.1.1.jar
Launcher Type: SUN_STANDARD

Environment Variables:
PATH=C:\windows\system32;C:\windows;C:\windows\System32\Wbem;C:\windows\System32\WindowsPowerShell\v1.0\;C:\windows\System32\OpenSSH\;C:\Program Files (x86)\NVIDIA Corporation\PhysX\Common;C:\Program Files\NVIDIA Corporation\NVIDIA NvDLISR;C:\Program Files\Git\cmd;C:\WINDOWS\system32;C:\WINDOWS;C:\WINDOWS\System32\Wbem;C:\WINDOWS\System32\WindowsPowerShell\v1.0\;C:\WINDOWS\System32\OpenSSH\;C:\Program Files\Microsoft SQL Server\120\Tools\Binn\;C:\Users\AJIBOLA\AppData\Local\Microsoft\WindowsApps;C:\Users\AJIBOLA\AppData\Local\Programs\Microsoft VS Code\bin;C:\src\flutter;C:\Users\AJIBOLA\AppData\Local\Android\sdk\emulator;;C:\Program Files\JetBrains\IntelliJ IDEA Community Edition 2020.2\bin;
USERNAME=AJIBOLA
OS=Windows_NT
PROCESSOR_IDENTIFIER=Intel64 Family 6 Model 158 Stepping 10, GenuineIntel



---------------  S Y S T E M  ---------------

OS: Windows 10.0 , 64 bit Build 19041 (10.0.19041.292)

CPU:total 8 (initial active 8) (4 cores per cpu, 2 threads per core) family 6 model 158 stepping 10, cmov, cx8, fxsr, mmx, sse, sse2, sse3, ssse3, sse4.1, sse4.2, popcnt, avx, avx2, aes, clmul, erms, 3dnowpref, lzcnt, ht, tsc, tscinvbit, bmi1, bmi2, adx

Memory: 4k page, physical 8225972k(913292k free), swap 21857460k(5284k free)

vm_info: OpenJDK 64-Bit Server VM (25.242-b01) for windows-amd64 JRE (1.8.0_242-release-1644-b01), built by "builder" with MS VC++ 10.0 (VS2010)

time: Fri Sep 11 22:46:34 2020
timezone: W. Central Africa Standard Time
elapsed time: 15759 seconds (0d 4h 22m 39s)

